<?xml version="1.0" encoding="UTF-8"?>
<!-- Generated by org.testng.reporters.JUnitReportReporter -->
<testsuite hostname="LAPTOP-T2D0RNDH" name="com.demotestcases.AppTest" tests="1" failures="0" timestamp="18 Feb 2019 19:44:24 GMT" time="37.259" errors="0">
  <testcase name="TestFireFox" time="37.259" classname="com.demotestcases.AppTest"/>
</testsuite> <!-- com.demotestcases.AppTest -->
