<?xml version="1.0" encoding="UTF-8"?>
<!-- Generated by org.testng.reporters.JUnitReportReporter -->
<testsuite hostname="LAPTOP-T2D0RNDH" name="com.demotestcases.AppTest" tests="1" failures="0" timestamp="21 Feb 2019 13:23:34 GMT" time="76.224" errors="0">
  <testcase name="TestFireFox" time="76.224" classname="com.demotestcases.AppTest"/>
</testsuite> <!-- com.demotestcases.AppTest -->
